# JRE version: Java(TM) SE Runtime Environment (8.0_45-b14) (build 1.8.0_45-b14)
# Java VM: Java HotSpot(TM) 64-Bit Server VM (25.45-b02 mixed mode bsd-amd64 compressed oops)
Heap:
 PSYoungGen      total 41472K, used 5346K [0x0000000795580000, 0x0000000798900000, 0x00000007c0000000)
  eden space 32256K, 1% used [0x0000000795580000,0x00000007955d0bc8,0x0000000797500000)
  from space 9216K, 54% used [0x0000000798000000,0x00000007984e8030,0x0000000798900000)
  to   space 10240K, 0% used [0x0000000797500000,0x0000000797500000,0x0000000797f00000)
 ParOldGen       total 87552K, used 5605K [0x0000000740000000, 0x0000000745580000, 0x0000000795580000)
  object space 87552K, 6% used [0x0000000740000000,0x00000007405797d0,0x0000000745580000)
 Metaspace       used 19397K, capacity 20636K, committed 20736K, reserved 1067008K
  class space    used 2749K, capacity 2985K, committed 3072K, reserved 1048576K
GC Heap History (10 events):
Event: 228.578 GC heap before
{Heap before GC invocations=2 (full 0):
 PSYoungGen      total 38400K, used 38352K [0x0000000795580000, 0x0000000798000000, 0x00000007c0000000)
  eden space 33280K, 100% used [0x0000000795580000,0x0000000797600000,0x0000000797600000)
  from space 5120K, 99% used [0x0000000797600000,0x0000000797af4030,0x0000000797b00000)
  to   space 5120K, 0% used [0x0000000797b00000,0x0000000797b00000,0x0000000798000000)
 ParOldGen       total 87552K, used 72K [0x0000000740000000, 0x0000000745580000, 0x0000000795580000)
  object space 87552K, 0% used [0x0000000740000000,0x0000000740012010,0x0000000745580000)
 Metaspace       used 19363K, capacity 20540K, committed 20736K, reserved 1067008K
  class space    used 2741K, capacity 2977K, committed 3072K, reserved 1048576K
Event: 228.635 GC heap after
Heap after GC invocations=2 (full 0):
 PSYoungGen      total 38400K, used 5088K [0x0000000795580000, 0x0000000798000000, 0x00000007c0000000)
  eden space 33280K, 0% used [0x0000000795580000,0x0000000795580000,0x0000000797600000)
  from space 5120K, 99% used [0x0000000797b00000,0x0000000797ff8030,0x0000000798000000)
  to   space 5120K, 0% used [0x0000000797600000,0x0000000797600000,0x0000000797b00000)
 ParOldGen       total 87552K, used 5581K [0x0000000740000000, 0x0000000745580000, 0x0000000795580000)
  object space 87552K, 6% used [0x0000000740000000,0x00000007405737d0,0x0000000745580000)
 Metaspace       used 19363K, capacity 20540K, committed 20736K, reserved 1067008K
  class space    used 2741K, capacity 2977K, committed 3072K, reserved 1048576K
}
Event: 1091.188 GC heap before
{Heap before GC invocations=3 (full 0):
 PSYoungGen      total 38400K, used 38368K [0x0000000795580000, 0x0000000798000000, 0x00000007c0000000)
  eden space 33280K, 100% used [0x0000000795580000,0x0000000797600000,0x0000000797600000)
  from space 5120K, 99% used [0x0000000797b00000,0x0000000797ff8030,0x0000000798000000)
  to   space 5120K, 0% used [0x0000000797600000,0x0000000797600000,0x0000000797b00000)
 ParOldGen       total 87552K, used 5581K [0x0000000740000000, 0x0000000745580000, 0x0000000795580000)
  object space 87552K, 6% used [0x0000000740000000,0x00000007405737d0,0x0000000745580000)
 Metaspace       used 19363K, capacity 20540K, committed 20736K, reserved 1067008K
  class space    used 2741K, capacity 2977K, committed 3072K, reserved 1048576K
Event: 1091.214 GC heap after
Heap after GC invocations=3 (full 0):
 PSYoungGen      total 38400K, used 5088K [0x0000000795580000, 0x0000000798000000, 0x00000007c0000000)
  eden space 33280K, 0% used [0x0000000795580000,0x0000000795580000,0x0000000797600000)
  from space 5120K, 99% used [0x0000000797600000,0x0000000797af8030,0x0000000797b00000)
  to   space 5120K, 0% used [0x0000000797b00000,0x0000000797b00000,0x0000000798000000)
 ParOldGen       total 87552K, used 5589K [0x0000000740000000, 0x0000000745580000, 0x0000000795580000)
  object space 87552K, 6% used [0x0000000740000000,0x00000007405757d0,0x0000000745580000)
 Metaspace       used 19363K, capacity 20540K, committed 20736K, reserved 1067008K
  class space    used 2741K, capacity 2977K, committed 3072K, reserved 1048576K
}
Event: 2003.754 GC heap before
{Heap before GC invocations=4 (full 0):
 PSYoungGen      total 38400K, used 38368K [0x0000000795580000, 0x0000000798000000, 0x00000007c0000000)
  eden space 33280K, 100% used [0x0000000795580000,0x0000000797600000,0x0000000797600000)
  from space 5120K, 99% used [0x0000000797600000,0x0000000797af8030,0x0000000797b00000)
  to   space 5120K, 0% used [0x0000000797b00000,0x0000000797b00000,0x0000000798000000)
 ParOldGen       total 87552K, used 5589K [0x0000000740000000, 0x0000000745580000, 0x0000000795580000)
  object space 87552K, 6% used [0x0000000740000000,0x00000007405757d0,0x0000000745580000)
 Metaspace       used 19363K, capacity 20540K, committed 20736K, reserved 1067008K
  class space    used 2741K, capacity 2977K, committed 3072K, reserved 1048576K
Event: 2003.785 GC heap after
Heap after GC invocations=4 (full 0):
 PSYoungGen      total 38400K, used 5088K [0x0000000795580000, 0x0000000798000000, 0x00000007c0000000)
  eden space 33280K, 0% used [0x0000000795580000,0x0000000795580000,0x0000000797600000)
  from space 5120K, 99% used [0x0000000797b00000,0x0000000797ff8030,0x0000000798000000)
  to   space 5120K, 0% used [0x0000000797600000,0x0000000797600000,0x0000000797b00000)
 ParOldGen       total 87552K, used 5589K [0x0000000740000000, 0x0000000745580000, 0x0000000795580000)
  object space 87552K, 6% used [0x0000000740000000,0x00000007405757d0,0x0000000745580000)
 Metaspace       used 19363K, capacity 20540K, committed 20736K, reserved 1067008K
  class space    used 2741K, capacity 2977K, committed 3072K, reserved 1048576K
}
Event: 3072.207 GC heap before
{Heap before GC invocations=5 (full 0):
 PSYoungGen      total 38400K, used 38368K [0x0000000795580000, 0x0000000798000000, 0x00000007c0000000)
  eden space 33280K, 100% used [0x0000000795580000,0x0000000797600000,0x0000000797600000)
  from space 5120K, 99% used [0x0000000797b00000,0x0000000797ff8030,0x0000000798000000)
  to   space 5120K, 0% used [0x0000000797600000,0x0000000797600000,0x0000000797b00000)
 ParOldGen       total 87552K, used 5589K [0x0000000740000000, 0x0000000745580000, 0x0000000795580000)
  object space 87552K, 6% used [0x0000000740000000,0x00000007405757d0,0x0000000745580000)
 Metaspace       used 19363K, capacity 20540K, committed 20736K, reserved 1067008K
  class space    used 2741K, capacity 2977K, committed 3072K, reserved 1048576K
Event: 3072.241 GC heap after
Heap after GC invocations=5 (full 0):
 PSYoungGen      total 37888K, used 5088K [0x0000000795580000, 0x0000000798a80000, 0x00000007c0000000)
  eden space 32768K, 0% used [0x0000000795580000,0x0000000795580000,0x0000000797580000)
  from space 5120K, 99% used [0x0000000797600000,0x0000000797af8030,0x0000000797b00000)
  to   space 10752K, 0% used [0x0000000798000000,0x0000000798000000,0x0000000798a80000)
 ParOldGen       total 87552K, used 5605K [0x0000000740000000, 0x0000000745580000, 0x0000000795580000)
  object space 87552K, 6% used [0x0000000740000000,0x00000007405797d0,0x0000000745580000)
 Metaspace       used 19363K, capacity 20540K, committed 20736K, reserved 1067008K
  class space    used 2741K, capacity 2977K, committed 3072K, reserved 1048576K
}
Event: 4208.278 GC heap before
{Heap before GC invocations=6 (full 0):
 PSYoungGen      total 37888K, used 37856K [0x0000000795580000, 0x0000000798a80000, 0x00000007c0000000)
  eden space 32768K, 100% used [0x0000000795580000,0x0000000797580000,0x0000000797580000)
  from space 5120K, 99% used [0x0000000797600000,0x0000000797af8030,0x0000000797b00000)
  to   space 10752K, 0% used [0x0000000798000000,0x0000000798000000,0x0000000798a80000)
 ParOldGen       total 87552K, used 5605K [0x0000000740000000, 0x0000000745580000, 0x0000000795580000)
  object space 87552K, 6% used [0x0000000740000000,0x00000007405797d0,0x0000000745580000)
 Metaspace       used 19384K, capacity 20572K, committed 20736K, reserved 1067008K
  class space    used 2747K, capacity 2985K, committed 3072K, reserved 1048576K
Event: 4208.373 GC heap after
Heap after GC invocations=6 (full 0):
 PSYoungGen      total 41472K, used 5024K [0x0000000795580000, 0x0000000798900000, 0x00000007c0000000)
  eden space 32256K, 0% used [0x0000000795580000,0x0000000795580000,0x0000000797500000)
  from space 9216K, 54% used [0x0000000798000000,0x00000007984e8030,0x0000000798900000)
  to   space 10240K, 0% used [0x0000000797500000,0x0000000797500000,0x0000000797f00000)
 ParOldGen       total 87552K, used 5605K [0x0000000740000000, 0x0000000745580000, 0x0000000795580000)
  object space 87552K, 6% used [0x0000000740000000,0x00000007405797d0,0x0000000745580000)
 Metaspace       used 19384K, capacity 20572K, committed 20736K, reserved 1067008K
  class space    used 2747K, capacity 2985K, committed 3072K, reserved 1048576K
}

